<?xml version="1.0" encoding="UTF-8"?>
<!-- Generated by org.testng.reporters.JUnitReportReporter -->
<testsuite hostname="Siddartha" failures="0" tests="1" name="Seleniumtesting.Seleniumtesting.Demo" time="0.049" errors="0" timestamp="2023-02-23T10:55:16 IST" skipped="0">
  <testcase classname="Seleniumtesting.Seleniumtesting.Demo" name="check" time="0.049"/>
  <system-out/>
</testsuite> <!-- Seleniumtesting.Seleniumtesting.Demo -->
